d:\desktop\flowchart\flowchart\x64\debug\vc143.pdb
d:\desktop\flowchart\flowchart\x64\debug\vc143.idb
d:\desktop\flowchart\flowchart\x64\debug\qrc_flowchart.obj
d:\desktop\flowchart\flowchart\x64\debug\flowchart_link.obj
d:\desktop\flowchart\flowchart\x64\debug\flowchart_edit.obj
d:\desktop\flowchart\flowchart\x64\debug\flowchart_scene.obj
d:\desktop\flowchart\flowchart\x64\debug\flowchart.obj
d:\desktop\flowchart\flowchart\x64\debug\flowchart_view.obj
d:\desktop\flowchart\flowchart\x64\debug\main.obj
d:\desktop\flowchart\flowchart\x64\debug\flowchart_graphics_item.obj
d:\desktop\flowchart\flowchart\x64\debug\flowchart_graphics_item_base.obj
d:\desktop\flowchart\flowchart\x64\debug\moc_flowchart.obj
d:\desktop\flowchart\flowchart\x64\debug\moc_flowchart_edit.obj
d:\desktop\flowchart\flowchart\x64\debug\rcc\qrc_flowchart.cpp
d:\desktop\flowchart\flowchart\x64\debug\moc\moc_flowchart.cpp
d:\desktop\flowchart\flowchart\x64\debug\moc\moc_flowchart_edit.cpp
d:\desktop\flowchart\x64\debug\flowchart.exe
d:\desktop\flowchart\x64\debug\flowchart.pdb
d:\desktop\flowchart\flowchart\x64\debug\flowchart.ilk
d:\desktop\flowchart\flowchart\x64\debug\flowchart.tlog\cl.command.1.tlog
d:\desktop\flowchart\flowchart\x64\debug\flowchart.tlog\cl.items.tlog
d:\desktop\flowchart\flowchart\x64\debug\flowchart.tlog\cl.read.1.tlog
d:\desktop\flowchart\flowchart\x64\debug\flowchart.tlog\cl.write.1.tlog
d:\desktop\flowchart\flowchart\x64\debug\flowchart.tlog\flowchart.write.1u.tlog
d:\desktop\flowchart\flowchart\x64\debug\flowchart.tlog\link.command.1.tlog
d:\desktop\flowchart\flowchart\x64\debug\flowchart.tlog\link.read.1.tlog
d:\desktop\flowchart\flowchart\x64\debug\flowchart.tlog\link.secondary.1.tlog
d:\desktop\flowchart\flowchart\x64\debug\flowchart.tlog\link.write.1.tlog
d:\desktop\flowchart\flowchart\x64\debug\flowchart.tlog\moc.read.1u.tlog
d:\desktop\flowchart\flowchart\x64\debug\flowchart.tlog\moc.write.1u.tlog
d:\desktop\flowchart\flowchart\x64\debug\flowchart.tlog\rcc.read.1u.tlog
d:\desktop\flowchart\flowchart\x64\debug\flowchart.tlog\rcc.write.1u.tlog
